{"message":"The HTTP server is running on port 3000 - development- Fri Feb 19 2021 19:49:16 GMT+0530 (India Standard Time)","level":"info"}
{"message":"The HTTP server is running on port 3000 - development- Fri Feb 19 2021 19:58:23 GMT+0530 (India Standard Time)","level":"info"}
{"message":"The HTTP server is running on port 3000 - development- Fri Feb 19 2021 20:06:37 GMT+0530 (India Standard Time)","level":"info"}
{"message":"get todos ","data":{"page":"0","limit":"10","name":"a"},"Date":"2021-02-19T14:36:44.348Z","level":"info"}
{"message":"The HTTP server is running on port 3000 - development- Sat Feb 20 2021 03:37:51 GMT+0530 (India Standard Time)","level":"info"}
{"message":"get todos ","data":{},"Date":"2021-02-19T22:18:03.939Z","level":"info"}
{"message":"get todos ","data":{},"Date":"2021-02-19T22:18:09.501Z","level":"info"}
{"message":"get todos ","data":{},"Date":"2021-02-19T22:19:24.375Z","level":"info"}
{"message":"get todos ","data":{},"Date":"2021-02-19T22:19:40.043Z","level":"info"}
{"message":"get todos ","data":{},"Date":"2021-02-19T22:21:06.198Z","level":"info"}
{"message":"get todos ","data":{},"Date":"2021-02-19T22:21:12.022Z","level":"info"}
{"message":"get todos ","data":{},"Date":"2021-02-19T22:21:15.281Z","level":"info"}
{"message":"get todos ","data":{},"Date":"2021-02-19T22:24:52.418Z","level":"info"}
{"message":"get todos ","data":{},"Date":"2021-02-19T22:25:04.419Z","level":"info"}
{"message":"get todos ","data":{},"Date":"2021-02-19T22:27:03.065Z","level":"info"}
{"message":"get todos ","data":{},"Date":"2021-02-19T22:27:34.051Z","level":"info"}
{"message":"get todos ","data":{},"Date":"2021-02-19T22:27:47.388Z","level":"info"}
{"message":"get todos ","data":{},"Date":"2021-02-19T22:28:26.218Z","level":"info"}
{"message":"get todos ","data":{},"Date":"2021-02-19T22:32:54.317Z","level":"info"}
{"message":"get todos ","data":{},"Date":"2021-02-19T22:33:03.488Z","level":"info"}
{"message":"get todos ","data":{},"Date":"2021-02-19T22:33:18.418Z","level":"info"}
{"message":"get todos ","data":{},"Date":"2021-02-19T22:35:06.167Z","level":"info"}
{"message":"get todos ","data":{},"Date":"2021-02-19T22:40:38.154Z","level":"info"}
{"message":"get todos ","data":{},"Date":"2021-02-19T22:40:46.114Z","level":"info"}
{"message":"get todos ","data":{},"Date":"2021-02-19T22:41:02.175Z","level":"info"}
{"message":"get todos ","data":{},"Date":"2021-02-19T22:44:02.348Z","level":"info"}
{"message":"get todos ","data":{},"Date":"2021-02-19T22:44:10.138Z","level":"info"}
{"message":"get todos ","data":{},"Date":"2021-02-19T22:44:35.130Z","level":"info"}
{"message":"get todos ","data":{},"Date":"2021-02-19T22:45:13.135Z","level":"info"}
{"message":"get todos ","data":{},"Date":"2021-02-19T22:45:23.032Z","level":"info"}
{"message":"get todos ","data":{},"Date":"2021-02-19T22:45:24.085Z","level":"info"}
{"message":"get todos ","data":{},"Date":"2021-02-19T22:45:38.035Z","level":"info"}
{"message":"get todos ","data":{},"Date":"2021-02-19T22:45:41.215Z","level":"info"}
{"message":"get todos ","data":{},"Date":"2021-02-19T22:45:41.747Z","level":"info"}
{"message":"get todos ","data":{},"Date":"2021-02-19T22:45:51.041Z","level":"info"}
{"message":"get todos ","data":{"name":"a"},"Date":"2021-02-19T22:45:55.122Z","level":"info"}
{"message":"get todos ","data":{"name":"as"},"Date":"2021-02-19T22:45:55.611Z","level":"info"}
{"message":"get todos ","data":{"name":"a"},"Date":"2021-02-19T22:45:59.397Z","level":"info"}
{"message":"get todos ","data":{},"Date":"2021-02-19T22:46:03.061Z","level":"info"}
{"message":"get todos ","data":{"name":"c"},"Date":"2021-02-19T22:46:04.287Z","level":"info"}
{"message":"get todos ","data":{"name":"ch"},"Date":"2021-02-19T22:46:08.105Z","level":"info"}
{"message":"get todos ","data":{"name":""},"Date":"2021-02-19T22:46:18.189Z","level":"info"}
{"message":"get todos ","data":{},"Date":"2021-02-19T22:46:21.144Z","level":"info"}
{"message":"get todos ","data":{"name":"d"},"Date":"2021-02-19T22:46:21.919Z","level":"info"}
{"message":"get todos ","data":{"name":"da"},"Date":"2021-02-19T22:46:22.450Z","level":"info"}
{"message":"get todos ","data":{},"Date":"2021-02-19T22:46:24.378Z","level":"info"}
{"message":"get todos ","data":{"name":"a"},"Date":"2021-02-19T22:46:38.056Z","level":"info"}
{"message":"get todos ","data":{},"Date":"2021-02-19T22:46:42.407Z","level":"info"}
{"message":"get todos ","data":{"name":"c"},"Date":"2021-02-19T22:46:42.969Z","level":"info"}
{"message":"get todos ","data":{"name":"ca"},"Date":"2021-02-19T22:46:45.834Z","level":"info"}
{"message":"get todos ","data":{"name":"c"},"Date":"2021-02-19T22:46:48.171Z","level":"info"}
{"message":"get todos ","data":{},"Date":"2021-02-19T22:46:49.095Z","level":"info"}
{"message":"get todos ","data":{"name":"bl"},"Date":"2021-02-19T22:46:54.757Z","level":"info"}
{"message":"get todos ","data":{"name":"blu"},"Date":"2021-02-19T22:46:56.672Z","level":"info"}
{"message":"get todos ","data":{"name":"bl"},"Date":"2021-02-19T22:46:58.766Z","level":"info"}
{"message":"get todos ","data":{"name":"b"},"Date":"2021-02-19T22:47:00.244Z","level":"info"}
{"message":"get todos ","data":{},"Date":"2021-02-19T22:47:02.043Z","level":"info"}
{"message":"get todos ","data":{"name":"black"},"Date":"2021-02-19T22:47:05.856Z","level":"info"}
{"message":"get todos ","data":{"name":"blackure"},"Date":"2021-02-19T22:47:09.926Z","level":"info"}
{"message":"get todos ","data":{"name":"blackur"},"Date":"2021-02-19T22:47:11.766Z","level":"info"}
{"message":"get todos ","data":{"name":"blacku"},"Date":"2021-02-19T22:47:13.165Z","level":"info"}
{"message":"get todos ","data":{"name":"black"},"Date":"2021-02-19T22:47:14.603Z","level":"info"}
{"message":"get todos ","data":{"name":"blac"},"Date":"2021-02-19T22:47:17.940Z","level":"info"}
{"message":"get todos ","data":{"name":"bla"},"Date":"2021-02-19T22:47:20.073Z","level":"info"}
{"message":"get todos ","data":{"name":"bl"},"Date":"2021-02-19T22:47:21.401Z","level":"info"}
{"message":"get todos ","data":{"name":"b"},"Date":"2021-02-19T22:47:22.929Z","level":"info"}
{"message":"get todos ","data":{},"Date":"2021-02-19T22:47:24.291Z","level":"info"}
{"message":"get todos ","data":{"name":"a"},"Date":"2021-02-19T22:47:31.209Z","level":"info"}
{"message":"get todos ","data":{},"Date":"2021-02-19T22:47:33.825Z","level":"info"}
{"message":"get todos ","data":{"name":"b"},"Date":"2021-02-19T22:48:19.082Z","level":"info"}
{"message":"get todos ","data":{"name":"a"},"Date":"2021-02-19T22:48:23.905Z","level":"info"}
{"message":"get todos ","data":{"name":"a"},"Date":"2021-02-19T22:48:51.437Z","level":"info"}
{"message":"get todos ","data":{"name":"c"},"Date":"2021-02-19T22:49:18.815Z","level":"info"}
{"message":"get todos ","data":{},"Date":"2021-02-19T22:49:22.727Z","level":"info"}
{"message":"get todos ","data":{"name":"d"},"Date":"2021-02-19T22:49:26.345Z","level":"info"}
{"message":"get todos ","data":{"name":"a"},"Date":"2021-02-19T22:51:39.147Z","level":"info"}
{"message":"get todos ","data":{"name":"a"},"Date":"2021-02-19T22:52:38.244Z","level":"info"}
{"message":"get todos ","data":{"name":"a"},"Date":"2021-02-19T22:52:57.398Z","level":"info"}
{"message":"get todos ","data":{"name":"j"},"Date":"2021-02-19T22:53:03.775Z","level":"info"}
{"message":"get todos ","data":{"name":"a"},"Date":"2021-02-19T22:54:49.668Z","level":"info"}
{"message":"get todos ","data":{"name":"d"},"Date":"2021-02-19T22:54:55.235Z","level":"info"}
{"message":"get todos ","data":{"name":"a"},"Date":"2021-02-19T22:56:17.084Z","level":"info"}
{"message":"get todos ","data":{"name":"d"},"Date":"2021-02-19T22:56:29.530Z","level":"info"}
{"message":"get todos ","data":{"name":"c"},"Date":"2021-02-19T22:56:58.973Z","level":"info"}
{"message":"get todos ","data":{"name":"a"},"Date":"2021-02-19T22:58:16.946Z","level":"info"}
{"message":"get todos ","data":{},"Date":"2021-02-19T22:58:21.217Z","level":"info"}
{"message":"get todos ","data":{"name":"c"},"Date":"2021-02-19T22:58:21.561Z","level":"info"}
{"message":"get todos ","data":{"name":"ch"},"Date":"2021-02-19T22:58:21.936Z","level":"info"}
{"message":"get todos ","data":{"name":"c"},"Date":"2021-02-19T22:58:24.561Z","level":"info"}
{"message":"get todos ","data":{"name":"ch"},"Date":"2021-02-19T22:58:26.266Z","level":"info"}
{"message":"get todos ","data":{"name":"cheu"},"Date":"2021-02-19T22:58:26.846Z","level":"info"}
{"message":"get todos ","data":{"name":"ch"},"Date":"2021-02-19T22:58:29.247Z","level":"info"}
{"message":"get todos ","data":{"name":"dsfg"},"Date":"2021-02-19T22:58:50.737Z","level":"info"}
{"message":"get todos ","data":{"name":"a"},"Date":"2021-02-19T22:59:31.708Z","level":"info"}
{"message":"get todos ","data":{"name":"a"},"Date":"2021-02-19T23:00:40.572Z","level":"info"}
{"message":"get todos ","data":{"name":"th"},"Date":"2021-02-19T23:01:11.838Z","level":"info"}
{"message":"get todos ","data":{"name":"t"},"Date":"2021-02-19T23:01:15.315Z","level":"info"}
{"message":"get todos ","data":{"name":"f"},"Date":"2021-02-19T23:02:53.695Z","level":"info"}
{"message":"get todos ","data":{"name":"a"},"Date":"2021-02-19T23:02:57.821Z","level":"info"}
{"message":"get todos ","data":{"name":"c"},"Date":"2021-02-19T23:03:11.513Z","level":"info"}
{"message":"get todos ","data":{"name":"ca"},"Date":"2021-02-19T23:03:16.920Z","level":"info"}
{"message":"get todos ","data":{"name":"c"},"Date":"2021-02-19T23:03:19.380Z","level":"info"}
{"message":"get todos ","data":{},"Date":"2021-02-19T23:03:24.930Z","level":"info"}
{"message":"get todos ","data":{"name":"lo"},"Date":"2021-02-19T23:03:25.832Z","level":"info"}
{"message":"The HTTP server is running on port 3000 - development- Sat Feb 20 2021 04:33:50 GMT+0530 (India Standard Time)","level":"info"}
{"message":"get todos ","data":{"name":"o"},"Date":"2021-02-19T23:03:56.149Z","level":"info"}
{"message":"get todos ","data":{"name":"oh"},"Date":"2021-02-19T23:04:10.176Z","level":"info"}
{"message":"get todos ","data":{"name":"o"},"Date":"2021-02-19T23:04:12.892Z","level":"info"}
{"message":"get todos ","data":{},"Date":"2021-02-19T23:04:13.278Z","level":"info"}
{"message":"get todos ","data":{"name":"a"},"Date":"2021-02-19T23:04:13.955Z","level":"info"}
{"message":"get todos ","data":{"name":"ac"},"Date":"2021-02-19T23:04:16.637Z","level":"info"}
{"message":"get todos ","data":{"name":"c"},"Date":"2021-02-19T23:04:25.836Z","level":"info"}
{"message":"get todos ","data":{"name":"ca"},"Date":"2021-02-19T23:04:28.095Z","level":"info"}
{"message":"get todos ","data":{"name":"c"},"Date":"2021-02-19T23:04:30.152Z","level":"info"}
{"message":"get todos ","data":{"name":"a"},"Date":"2021-02-19T23:04:32.501Z","level":"info"}
{"message":"get todos ","data":{"name":"ac"},"Date":"2021-02-19T23:04:32.824Z","level":"info"}
{"message":"get todos ","data":{},"Date":"2021-02-19T23:04:37.942Z","level":"info"}
{"message":"get todos ","data":{"name":"p"},"Date":"2021-02-19T23:04:38.541Z","level":"info"}
{"message":"get todos ","data":{"name":"pe"},"Date":"2021-02-19T23:04:39.057Z","level":"info"}
{"message":"get todos ","data":{"name":"a"},"Date":"2021-02-19T23:04:44.349Z","level":"info"}
{"message":"get todos ","data":{"name":"f"},"Date":"2021-02-19T23:04:59.340Z","level":"info"}
{"message":"get todos ","data":{"name":"f"},"Date":"2021-02-19T23:05:22.870Z","level":"info"}
{"message":"get todos ","data":{"name":"fs"},"Date":"2021-02-19T23:05:26.257Z","level":"info"}
{"message":"get todos ","data":{"name":"f"},"Date":"2021-02-19T23:05:28.071Z","level":"info"}
{"message":"get todos ","data":{},"Date":"2021-02-19T23:05:29.500Z","level":"info"}
{"message":"get todos ","data":{"name":"b"},"Date":"2021-02-19T23:05:34.185Z","level":"info"}
{"message":"get todos ","data":{"name":"br"},"Date":"2021-02-19T23:05:35.600Z","level":"info"}
{"message":"get todos ","data":{"name":"b"},"Date":"2021-02-19T23:05:37.394Z","level":"info"}
{"message":"get todos ","data":{},"Date":"2021-02-19T23:05:42.261Z","level":"info"}
{"message":"get todos ","data":{"name":"f"},"Date":"2021-02-19T23:05:43.246Z","level":"info"}
{"message":"get todos ","data":{"name":"fr"},"Date":"2021-02-19T23:05:43.579Z","level":"info"}
{"message":"get todos ","data":{},"Date":"2021-02-19T23:05:46.223Z","level":"info"}
{"message":"get todos ","data":{"name":"j"},"Date":"2021-02-19T23:05:46.955Z","level":"info"}
{"message":"get todos ","data":{"name":"ju"},"Date":"2021-02-19T23:05:48.362Z","level":"info"}
{"message":"get todos ","data":{},"Date":"2021-02-19T23:05:49.165Z","level":"info"}
{"message":"get todos ","data":{"name":"c"},"Date":"2021-02-19T23:05:50.110Z","level":"info"}
{"message":"get todos ","data":{"name":"A"},"Date":"2021-02-19T23:06:24.722Z","level":"info"}
{"message":"get todos ","data":{},"Date":"2021-02-19T23:06:31.884Z","level":"info"}
{"message":"get todos ","data":{"name":"F"},"Date":"2021-02-19T23:06:32.206Z","level":"info"}
{"message":"get todos ","data":{"name":"FR"},"Date":"2021-02-19T23:06:32.612Z","level":"info"}
{"message":"The HTTP server is running on port 3000 - development- Sat Feb 20 2021 04:37:54 GMT+0530 (India Standard Time)","level":"info"}
{"message":"The HTTP server is running on port 3000 - development- Sat Feb 20 2021 04:38:08 GMT+0530 (India Standard Time)","level":"info"}
{"message":"get todos ","data":{"name":"A"},"Date":"2021-02-19T23:08:13.169Z","level":"info"}
{"message":"get todos ","data":{"name":""},"Date":"2021-02-19T23:08:29.334Z","level":"info"}
{"message":"get todos ","data":{},"Date":"2021-02-19T23:08:33.379Z","level":"info"}
{"message":"get todos ","data":{"name":""},"Date":"2021-02-19T23:09:51.485Z","level":"info"}
{"message":"The HTTP server is running on port 3000 - development- Sat Feb 20 2021 04:40:06 GMT+0530 (India Standard Time)","level":"info"}
{"message":"get todos ","data":{"name":"a"},"Date":"2021-02-19T23:13:38.120Z","level":"info"}
{"message":"get todos ","data":{"name":"a"},"Date":"2021-02-19T23:13:57.972Z","level":"info"}
{"message":"get todos ","data":{"name":"ac"},"Date":"2021-02-19T23:14:00.047Z","level":"info"}
{"message":"get todos ","data":{"name":"ace"},"Date":"2021-02-19T23:14:00.692Z","level":"info"}
{"message":"get todos ","data":{},"Date":"2021-02-19T23:14:01.919Z","level":"info"}
{"message":"get todos ","data":{"name":"a"},"Date":"2021-02-19T23:14:02.037Z","level":"info"}
{"message":"get todos ","data":{"name":"b"},"Date":"2021-02-19T23:14:02.958Z","level":"info"}
{"message":"get todos ","data":{},"Date":"2021-02-19T23:14:04.438Z","level":"info"}
{"message":"get todos ","data":{"name":"t"},"Date":"2021-02-19T23:23:44.185Z","level":"info"}
{"message":"get todos ","data":{"name":"a"},"Date":"2021-02-19T23:26:41.358Z","level":"info"}
{"message":"get todos ","data":{"name":"a"},"Date":"2021-02-19T23:27:19.667Z","level":"info"}
{"message":"get todos ","data":{},"Date":"2021-02-19T23:27:24.478Z","level":"info"}
{"message":"get todos ","data":{"name":"s"},"Date":"2021-02-19T23:27:27.524Z","level":"info"}
{"message":"get todos ","data":{"name":"d"},"Date":"2021-02-19T23:27:32.171Z","level":"info"}
{"message":"get todos ","data":{"name":"d"},"Date":"2021-02-19T23:27:34.712Z","level":"info"}
{"message":"get todos ","data":{"name":"d"},"Date":"2021-02-19T23:27:37.258Z","level":"info"}
{"message":"get todos ","data":{"name":"de"},"Date":"2021-02-19T23:27:37.581Z","level":"info"}
{"message":"get todos ","data":{"name":"s"},"Date":"2021-02-19T23:27:42.724Z","level":"info"}
{"message":"get todos ","data":{"name":"sd"},"Date":"2021-02-19T23:27:43.108Z","level":"info"}
{"message":"get todos ","data":{"name":"s"},"Date":"2021-02-19T23:27:44.756Z","level":"info"}
{"message":"get todos ","data":{"name":"b"},"Date":"2021-02-19T23:28:01.086Z","level":"info"}
{"message":"get todos ","data":{"name":"a"},"Date":"2021-02-19T23:30:11.422Z","level":"info"}
{"message":"get todos ","data":{},"Date":"2021-02-19T23:30:15.490Z","level":"info"}
{"message":"get todos ","data":{"name":"d"},"Date":"2021-02-19T23:30:16.309Z","level":"info"}
{"message":"get todos ","data":{"name":"d"},"Date":"2021-02-19T23:30:27.747Z","level":"info"}
{"message":"get todos ","data":{},"Date":"2021-02-19T23:30:32.030Z","level":"info"}
{"message":"get todos ","data":{"name":"a"},"Date":"2021-02-19T23:30:33.444Z","level":"info"}
{"message":"get todos ","data":{"name":"aa"},"Date":"2021-02-19T23:30:33.875Z","level":"info"}
{"message":"get todos ","data":{"name":"a"},"Date":"2021-02-19T23:30:34.791Z","level":"info"}
{"message":"get todos ","data":{"name":"a"},"Date":"2021-02-19T23:32:22.987Z","level":"info"}
{"message":"get todos ","data":{"name":"a"},"Date":"2021-02-19T23:32:28.247Z","level":"info"}
{"message":"get todos ","data":{"name":"a"},"Date":"2021-02-19T23:32:33.138Z","level":"info"}
{"message":"get todos ","data":{"name":"j"},"Date":"2021-02-19T23:32:36.945Z","level":"info"}
{"message":"get todos ","data":{"name":"a"},"Date":"2021-02-19T23:33:55.617Z","level":"info"}
{"message":"get todos ","data":{"name":"j"},"Date":"2021-02-19T23:34:02.708Z","level":"info"}
{"message":"get todos ","data":{"name":"r"},"Date":"2021-02-19T23:34:17.815Z","level":"info"}
{"message":"get todos ","data":{"name":"a"},"Date":"2021-02-19T23:36:04.675Z","level":"info"}
{"message":"get todos ","data":{"name":"a"},"Date":"2021-02-19T23:36:11.480Z","level":"info"}
{"message":"get todos ","data":{"name":"a"},"Date":"2021-02-19T23:36:15.586Z","level":"info"}
{"message":"get todos ","data":{"name":"j"},"Date":"2021-02-19T23:36:19.556Z","level":"info"}
{"message":"get todos ","data":{"name":"a"},"Date":"2021-02-19T23:38:08.885Z","level":"info"}
{"message":"get todos ","data":{"name":"j"},"Date":"2021-02-19T23:38:14.204Z","level":"info"}
{"message":"get todos ","data":{"name":"f"},"Date":"2021-02-19T23:38:50.066Z","level":"info"}
{"message":"get todos ","data":{"name":"a"},"Date":"2021-02-19T23:39:19.377Z","level":"info"}
{"message":"get todos ","data":{"name":"j"},"Date":"2021-02-19T23:39:27.525Z","level":"info"}
{"message":"get todos ","data":{"name":"a"},"Date":"2021-02-19T23:40:05.084Z","level":"info"}
{"message":"get todos ","data":{"name":"a"},"Date":"2021-02-19T23:40:29.701Z","level":"info"}
{"message":"get todos ","data":{"name":"j"},"Date":"2021-02-19T23:40:34.455Z","level":"info"}
{"message":"get todos ","data":{"name":"a"},"Date":"2021-02-19T23:41:02.368Z","level":"info"}
{"message":"get todos ","data":{"name":"as"},"Date":"2021-02-19T23:41:02.694Z","level":"info"}
{"message":"get todos ","data":{"name":"a"},"Date":"2021-02-19T23:41:05.352Z","level":"info"}
{"message":"get todos ","data":{"name":"f"},"Date":"2021-02-19T23:41:07.936Z","level":"info"}
{"message":"get todos ","data":{"name":"j"},"Date":"2021-02-19T23:41:10.749Z","level":"info"}
{"message":"get todos ","data":{"name":"a"},"Date":"2021-02-19T23:41:24.314Z","level":"info"}
{"message":"get todos ","data":{"name":"j"},"Date":"2021-02-19T23:41:28.279Z","level":"info"}
{"message":"get todos ","data":{"name":"c"},"Date":"2021-02-19T23:41:31.916Z","level":"info"}
{"message":"get todos ","data":{"name":"r"},"Date":"2021-02-19T23:41:35.185Z","level":"info"}
{"message":"get todos ","data":{"name":"q"},"Date":"2021-02-19T23:41:39.041Z","level":"info"}
{"message":"get todos ","data":{"name":"a"},"Date":"2021-02-19T23:42:18.128Z","level":"info"}
{"message":"get todos ","data":{"name":"a"},"Date":"2021-02-19T23:42:22.662Z","level":"info"}
{"message":"get todos ","data":{"name":"a"},"Date":"2021-02-19T23:42:28.298Z","level":"info"}
{"message":"get todos ","data":{"name":"ac"},"Date":"2021-02-19T23:42:29.625Z","level":"info"}
{"message":"get todos ","data":{"name":"a"},"Date":"2021-02-19T23:44:20.603Z","level":"info"}
{"message":"get todos ","data":{"name":"j"},"Date":"2021-02-19T23:44:24.946Z","level":"info"}
{"message":"get todos ","data":{"name":"a"},"Date":"2021-02-19T23:44:42.358Z","level":"info"}
{"message":"get todos ","data":{"name":"a"},"Date":"2021-02-19T23:45:08.524Z","level":"info"}
{"message":"get todos ","data":{"name":"j"},"Date":"2021-02-19T23:45:13.417Z","level":"info"}
{"message":"get todos ","data":{"name":"ju"},"Date":"2021-02-19T23:45:14.802Z","level":"info"}
{"message":"get todos ","data":{"name":"a"},"Date":"2021-02-19T23:46:39.826Z","level":"info"}
{"message":"get todos ","data":{"name":"a"},"Date":"2021-02-19T23:46:43.584Z","level":"info"}
{"message":"get todos ","data":{"name":"g"},"Date":"2021-02-19T23:46:53.541Z","level":"info"}
{"message":"get todos ","data":{"name":"gr"},"Date":"2021-02-19T23:46:53.951Z","level":"info"}
{"message":"get todos ","data":{"name":"a"},"Date":"2021-02-19T23:48:00.681Z","level":"info"}
{"message":"get todos ","data":{"name":"d"},"Date":"2021-02-19T23:48:07.348Z","level":"info"}
{"message":"get todos ","data":{"name":"d"},"Date":"2021-02-19T23:48:09.972Z","level":"info"}
{"message":"get todos ","data":{"name":"gf"},"Date":"2021-02-19T23:48:12.932Z","level":"info"}
{"message":"get todos ","data":{"name":"g"},"Date":"2021-02-19T23:48:14.236Z","level":"info"}
{"message":"get todos ","data":{"name":"g"},"Date":"2021-02-19T23:48:16.989Z","level":"info"}
{"message":"get todos ","data":{"name":"d"},"Date":"2021-02-19T23:48:30.703Z","level":"info"}
{"message":"get todos ","data":{"name":"df"},"Date":"2021-02-19T23:48:31.057Z","level":"info"}
{"message":"get todos ","data":{"name":"f"},"Date":"2021-02-19T23:48:36.548Z","level":"info"}
{"message":"get todos ","data":{"name":"fr"},"Date":"2021-02-19T23:48:36.898Z","level":"info"}
{"message":"get todos ","data":{"name":"f"},"Date":"2021-02-19T23:48:45.916Z","level":"info"}
{"message":"get todos ","data":{"name":"fd"},"Date":"2021-02-19T23:48:46.244Z","level":"info"}
{"message":"get todos ","data":{"name":"e"},"Date":"2021-02-19T23:48:49.486Z","level":"info"}
{"message":"get todos ","data":{},"Date":"2021-02-19T23:48:51.146Z","level":"info"}
{"message":"The HTTP server is running on port 3000 - development- Sat Feb 20 2021 05:22:36 GMT+0530 (India Standard Time)","level":"info"}
{"message":"The HTTP server is running on port 3000 - development- Sat Feb 20 2021 05:22:56 GMT+0530 (India Standard Time)","level":"info"}
{"message":"The HTTP server is running on port 3000 - development- Sat Feb 20 2021 05:24:59 GMT+0530 (India Standard Time)","level":"info"}
{"message":"The HTTP server is running on port 3000 - development- Sat Feb 20 2021 05:25:19 GMT+0530 (India Standard Time)","level":"info"}
{"message":"The HTTP server is running on port 3000 - development- Sat Feb 20 2021 05:25:35 GMT+0530 (India Standard Time)","level":"info"}
{"message":"The HTTP server is running on port 3000 - development- Sat Feb 20 2021 05:28:06 GMT+0530 (India Standard Time)","level":"info"}
{"message":"The HTTP server is running on port 3000 - development- Sat Feb 20 2021 05:31:39 GMT+0530 (India Standard Time)","level":"info"}
{"message":"get todos ","data":{"name":"a"},"Date":"2021-02-20T00:01:44.178Z","level":"info"}
{"message":"get todos ","data":{"name":"a"},"Date":"2021-02-20T00:02:16.339Z","level":"info"}
{"message":"get todos ","data":{},"Date":"2021-02-20T00:02:17.475Z","level":"info"}
{"message":"get todos ","data":{"name":"j"},"Date":"2021-02-20T00:02:18.108Z","level":"info"}
{"message":"get todos ","data":{"name":"k"},"Date":"2021-02-20T00:02:27.638Z","level":"info"}
